2020-04-09T09:59:09 - iodaconv - DEBUG - ---------------------------------------------------------
2020-04-09T09:59:09 - iodaconv - DEBUG - Environment:
2020-04-09T09:59:09 - iodaconv - DEBUG - ---------------------------------------------------------
CMAKE_MIN_REQUIRED=3.6
LMOD_FAMILY_COMPILER_VERSION=18.0.5.274
I_MPI_HYDRA_BRANCH_COUNT=128
REMOTEHOST=bastion-hera.princeton.rdhpcs.noaa.gov
PROJ_LIB=/scratch2/NCEPDEV/marineda/Jong.Kim/anaconda3/share/proj
MANPATH=/scratch2/NCEPDEV/marineda/Jong.Kim/anaconda3/share/man:/scratch2/NCEPDEV/marineda/Jong.Kim/anaconda3/man:/apps/netcdf/4.7.0/intel/18.0.5.274/impi/2018.0.4/share/man:/apps/intel/compilers_and_libraries_2018/linux/mpi/man:/apps/intel/parallel_studio_xe_2018.4.057/man/common:/apps/intel/parallel_studio_xe_2018.4.057/documentation_2018/en/debugger/gdb-ia/man:/apps/intel/parallel_studio_xe_2018.4.057/documentation_2018/en/debugger/gdb-igfx/man:/apps/lmod/lmod/share/man:/apps/local/man:/apps/slurm/default/share/man:/apps/slurm/tools/sbank/share/man
dryrun=no
src=
XDG_SESSION_ID=1902158
opt=
_ModuleTable003_=YXBwcy9tb2R1bGVzL21vZHVsZWZpbGVzL2ludGVscHl0aG9uLzMuNi44IixbImZ1bGxOYW1lIl09ImludGVscHl0aG9uLzMuNi44IixbImxvYWRPcmRlciJdPTQscHJvcFQ9e30sWyJzdGFja0RlcHRoIl09MSxbInN0YXR1cyJdPSJhY3RpdmUiLFsidXNlck5hbWUiXT0iaW50ZWxweXRob24vMy42LjgiLH0sWyJqZWRpLXN0YWNrIl09e1siZm4iXT0iL3NjcmF0Y2gxL05DRVBERVYvamNzZGEvUnlhbi5Ib25leWFnZXIvamVkaS9tb2R1bGVzL2plZGktc3RhY2svaW50ZWwtaW1waS0xOC4wLjUiLFsiZnVsbE5hbWUiXT0iamVkaS1zdGFjay9pbnRlbC1pbXBpLTE4LjAuNSIsWyJsb2FkT3JkZXIiXT01LHByb3BUPXt9LFsic3RhY2tEZXB0aCJdPTAsWyJzdGF0dXMiXT0iYWN0aXZl
LMOD_ANCIENT_TIME=1
HOSTNAME=hfe10
__LMOD_REF_COUNT_CLASSPATH=/apps/intel/compilers_and_libraries_2018/linux/mpi/intel64/lib/mpi.jar:1 /apps/intel/parallel_studio_xe_2018.4.057/compilers_and_libraries_2018/linux/daal/lib/daal.jar:1
INTEL_LICENSE_FILE=/apps/intel/parallel_studio_xe_2018.4.057/compilers_and_libraries_2018/linux/licenses:/apps/intel/licenses
__LMOD_REF_COUNT_MODULEPATH=/apps/lmod/lmod/modulefiles/Core:1 /apps/modules/modulefiles/Linux:1 /apps/modules/modulefiles:1 /opt/cray/modulefiles:1 /opt/cray/craype/default/modulefiles:1 /scratch1/NCEPDEV/jcsda/Ryan.Honeyager/jedi/modules:2 /apps/modules/modulefamilies/intel:1 /apps/modules/modulefamilies/intel_impi:1 /scratch2/NCEPDEV/marineda/Jong.Kim/save/modulefiles:3
HOST=hfe10
TERM=xterm
SHELL=/bin/tcsh
GDBSERVER_MIC=/apps/intel/parallel_studio_xe_2018.4.057/debugger_2018/gdb/targets/intel64/x200/bin/gdbserver
MODULEPATH_ROOT=/apps/modules/modulefiles
SSH_CLIENT=140.208.152.34 52124 22
INSTALL_DIR=/scratch1/NCEPDEV/jcsda/Ryan.Honeyager/jedi/usr/local/intel-18.0.5.274/impi-2018.0.4/netcdf-hdf5parallel-4.7.0/bin
LIBRARY_PATH=/apps/intel/parallel_studio_xe_2018.4.057/compilers_and_libraries_2018/linux/compiler/lib/intel64_lin:/apps/intel/parallel_studio_xe_2018.4.057/compilers_and_libraries_2018/linux/mkl/lib/intel64_lin:/apps/intel/parallel_studio_xe_2018.4.057/compilers_and_libraries_2018/linux/tbb/lib/intel64/gcc4.7:/apps/intel/parallel_studio_xe_2018.4.057/compilers_and_libraries_2018/linux/daal/lib/intel64_lin:/apps/intel/parallel_studio_xe_2018.4.057/compilers_and_libraries_2018/linux/daal/../tbb/lib/intel64_lin/gcc4.4
LMOD_PACKAGE_PATH=/apps/lmod/etc
cmake_version_sufficient=yes
LMOD_PKG=/apps/lmod/7.7.18
QTDIR=/usr/lib64/qt-3.3
QTINC=/usr/lib64/qt-3.3/include
LMOD_VERSION=7.7.18
LMOD_SHORT_TIME=86400
SSH_TTY=/dev/pts/11
__LMOD_REF_COUNT_LOADEDMODULES=intel/18.0.5.274:1 impi/2018.0.4:1 netcdf-hdf5parallel/4.7.0:1 intelpython/3.6.8:1 jedi-stack/intel-impi-18.0.5:1 anaconda/3.15.1:1
QT_GRAPHICSSYSTEM_CHECKED=1
TARG_TITLE_BAR_PAREN= 
GROUP=land
USER=Youlong.Xia
srcARG=
LD_LIBRARY_PATH=/apps/netcdf/4.7.0/intel/18.0.5.274/impi/2018.0.4/lib:/apps/intel/compilers_and_libraries_2018/linux/mpi/intel64/lib:/apps/slurm/default/lib:/apps/intel/parallel_studio_xe_2018.4.057/compilers_and_libraries_2018/linux/compiler/lib/intel64:/apps/intel/parallel_studio_xe_2018.4.057/compilers_and_libraries_2018/linux/ipp/lib/intel64:/apps/intel/parallel_studio_xe_2018.4.057/compilers_and_libraries_2018/linux/compiler/lib/intel64_lin:/apps/intel/parallel_studio_xe_2018.4.057/compilers_and_libraries_2018/linux/mkl/lib/intel64_lin:/apps/intel/parallel_studio_xe_2018.4.057/compilers_and_libraries_2018/linux/tbb/lib/intel64/gcc4.7:/apps/intel/parallel_studio_xe_2018.4.057/debugger_2018/libipt/intel64/lib:/apps/intel/parallel_studio_xe_2018.4.057/compilers_and_libraries_2018/linux/daal/lib/intel64_lin:/apps/intel/parallel_studio_xe_2018.4.057/compilers_and_libraries_2018/linux/daal/../tbb/lib/intel64_lin/gcc4.4
LMOD_sys=Linux
LS_COLORS=rs=0:di=01 34:ln=01 36:mh=00:pi=40 33:so=01 35:do=01 35:bd=40 33 01:cd=40 33 01:or=40 31 01:mi=01 05 37 41:su=37 41:sg=30 43:ca=30 41:tw=30 42:ow=34 42:st=37 44:ex=01 32:*.tar=01 31:*.tgz=01 31:*.arc=01 31:*.arj=01 31:*.taz=01 31:*.lha=01 31:*.lz4=01 31:*.lzh=01 31:*.lzma=01 31:*.tlz=01 31:*.txz=01 31:*.tzo=01 31:*.t7z=01 31:*.zip=01 31:*.z=01 31:*.Z=01 31:*.dz=01 31:*.gz=01 31:*.lrz=01 31:*.lz=01 31:*.lzo=01 31:*.xz=01 31:*.bz2=01 31:*.bz=01 31:*.tbz=01 31:*.tbz2=01 31:*.tz=01 31:*.deb=01 31:*.rpm=01 31:*.jar=01 31:*.war=01 31:*.ear=01 31:*.sar=01 31:*.rar=01 31:*.alz=01 31:*.ace=01 31:*.zoo=01 31:*.cpio=01 31:*.7z=01 31:*.rz=01 31:*.cab=01 31:*.jpg=01 35:*.jpeg=01 35:*.gif=01 35:*.bmp=01 35:*.pbm=01 35:*.pgm=01 35:*.ppm=01 35:*.tga=01 35:*.xbm=01 35:*.xpm=01 35:*.tif=01 35:*.tiff=01 35:*.png=01 35:*.svg=01 35:*.svgz=01 35:*.mng=01 35:*.pcx=01 35:*.mov=01 35:*.mpg=01 35:*.mpeg=01 35:*.m2v=01 35:*.mkv=01 35:*.webm=01 35:*.ogm=01 35:*.mp4=01 35:*.m4v=01 35:*.mp4v=01 35:*.vob=01 35:*.qt=01 35:*.nuv=01 35:*.wmv=01 35:*.asf=01 35:*.rm=01 35:*.rmvb=01 35:*.flc=01 35:*.avi=01 35:*.fli=01 35:*.flv=01 35:*.gl=01 35:*.dl=01 35:*.xcf=01 35:*.xwd=01 35:*.yuv=01 35:*.cgm=01 35:*.emf=01 35:*.axv=01 35:*.anx=01 35:*.ogv=01 35:*.ogx=01 35:*.aac=01 36:*.au=01 36:*.flac=01 36:*.mid=01 36:*.midi=01 36:*.mka=01 36:*.mp3=01 36:*.mpc=01 36:*.ogg=01 36:*.ra=01 36:*.wav=01 36:*.axa=01 36:*.oga=01 36:*.spx=01 36:*.xspf=01 36:
GIT_SSH=/home/Youlong.Xia/ssh-gerrit
_ModuleTable004_=IixbInVzZXJOYW1lIl09ImplZGktc3RhY2svaW50ZWwtaW1waS0xOC4wLjUiLH0sWyJuZXRjZGYtaGRmNXBhcmFsbGVsIl09e1siZm4iXT0iL2FwcHMvbW9kdWxlcy9tb2R1bGVmYW1pbGllcy9pbnRlbF9pbXBpL25ldGNkZi1oZGY1cGFyYWxsZWwvNC43LjAiLFsiZnVsbE5hbWUiXT0ibmV0Y2RmLWhkZjVwYXJhbGxlbC80LjcuMCIsWyJsb2FkT3JkZXIiXT0zLHByb3BUPXt9LFsic3RhY2tEZXB0aCJdPTEsWyJzdGF0dXMiXT0iYWN0aXZlIixbInVzZXJOYW1lIl09Im5ldGNkZi1oZGY1cGFyYWxsZWwvNC43LjAiLH0sfSxtcGF0aEE9eyIvYXBwcy9sbW9kL2xtb2QvbW9kdWxlZmlsZXMvQ29yZSIsIi9hcHBzL21vZHVsZXMvbW9kdWxlZmlsZXMvTGludXgiLCIvYXBwcy9tb2R1
CPATH=/apps/intel/parallel_studio_xe_2018.4.057/compilers_and_libraries_2018/linux/ipp/include:/apps/intel/parallel_studio_xe_2018.4.057/compilers_and_libraries_2018/linux/mkl/include:/apps/intel/parallel_studio_xe_2018.4.057/compilers_and_libraries_2018/linux/pstl/include:/apps/intel/parallel_studio_xe_2018.4.057/compilers_and_libraries_2018/linux/tbb/include:/apps/intel/parallel_studio_xe_2018.4.057/compilers_and_libraries_2018/linux/daal/include
HOSTTYPE=x86_64-linux
__LMOD_REF_COUNT__LMFILES_=/apps/modules/modulefiles/intel/18.0.5.274:1 /apps/modules/modulefamilies/intel/impi/2018.0.4:1 /apps/modules/modulefamilies/intel_impi/netcdf-hdf5parallel/4.7.0:1 /apps/modules/modulefiles/intelpython/3.6.8:1 /scratch1/NCEPDEV/jcsda/Ryan.Honeyager/jedi/modules/jedi-stack/intel-impi-18.0.5:1 /scratch2/NCEPDEV/marineda/Jong.Kim/save/modulefiles/anaconda/3.15.1:1
LMOD_FAMILY_MPI_VERSION=2018.0.4
LMOD_PREPEND_BLOCK=normal
NLSPATH=/apps/intel/parallel_studio_xe_2018.4.057/compilers_and_libraries_2018/linux/compiler/lib/intel64/locale/%l_%t/%N:/apps/intel/parallel_studio_xe_2018.4.057/compilers_and_libraries_2018/linux/mkl/lib/intel64_lin/locale/%l_%t/%N:/apps/intel/parallel_studio_xe_2018.4.057/debugger_2018/gdb/intel64/share/locale/%l_%t/%N
__LMOD_REF_COUNT_NLSPATH=/apps/intel/parallel_studio_xe_2018.4.057/compilers_and_libraries_2018/linux/compiler/lib/intel64/locale/%l_%t/%N:1 /apps/intel/parallel_studio_xe_2018.4.057/compilers_and_libraries_2018/linux/mkl/lib/intel64_lin/locale/%l_%t/%N:1 /apps/intel/parallel_studio_xe_2018.4.057/debugger_2018/gdb/intel64/share/locale/%l_%t/%N:1
NETCDF_ROOT=/apps/netcdf/4.7.0/intel/18.0.5.274/impi/2018.0.4
_ModuleTable001_=X01vZHVsZVRhYmxlXz17WyJNVHZlcnNpb24iXT0zLFsiY19yZWJ1aWxkVGltZSJdPTAuMDgzMzMzMzMzMzMzMzMzLFsiY19zaG9ydFRpbWUiXT0xLjMwNTc1NjA5MjA3MTUsZGVwdGhUPXt9LGZhbWlseT17WyJjb21waWxlciJdPSJpbnRlbCIsWyJtcGkiXT0iaW1waSIsfSxtVD17YW5hY29uZGE9e1siZm4iXT0iL3NjcmF0Y2gyL05DRVBERVYvbWFyaW5lZGEvSm9uZy5LaW0vc2F2ZS9tb2R1bGVmaWxlcy9hbmFjb25kYS8zLjE1LjEiLFsiZnVsbE5hbWUiXT0iYW5hY29uZGEvMy4xNS4xIixbImxvYWRPcmRlciJdPTYscHJvcFQ9e30sWyJzdGFja0RlcHRoIl09MCxbInN0YXR1cyJdPSJhY3RpdmUiLFsidXNlck5hbWUiXT0iYW5hY29uZGEvMy4xNS4xIix9LGltcGk9e1siZm4i
MAIL=/var/spool/mail/Youlong.Xia
PATH=/scratch2/NCEPDEV/marineda/Jong.Kim/anaconda3/bin:/scratch1/NCEPDEV/jcsda/Ryan.Honeyager/jedi/usr/local/intel-18.0.5.274/impi-2018.0.4/netcdf-hdf5parallel-4.7.0/bin:/apps/intel/intelpython3/bin:/apps/netcdf/4.7.0/intel/18.0.5.274/impi/2018.0.4/bin:/apps/intel/compilers_and_libraries_2018/linux/mpi/intel64/bin:/apps/intel/parallel_studio_xe_2018.4.057/compilers_and_libraries_2018/linux/bin/intel64:.:/home/Fanglin.Yang/bin:/usr/lib64/qt-3.3/bin:/usr/local/bin:/usr/bin:/usr/local/sbin:/usr/sbin:/opt/ibutils/bin:/apps/local/bin:/apps/local/sbin:/apps/slurm/default/slurm/tools:/apps/slurm/default/bin:/apps/slurm/default/sbin:/apps/slurm/tools/sbank/bin:/scratch4/NCEPDEV/global/save/Fanglin.Yang/para_gfs/nwprod_wcoss/util/exec:/scratch3/NCEPDEV/rstprod/nwprod/lib/modulefiles
IPATH_NO_BACKTRACE=1
cmake_prefix=/scratch2/NCEPDEV/marineda/Youlong.Xia/save/ioda-converters/bulid1
build_cmake=
LMOD_SETTARG_CMD=:
cmake=cmake
PWD=/scratch2/NCEPDEV/marineda/Youlong.Xia/save/ioda-converters/bulid1
_LMFILES_=/apps/modules/modulefiles/intel/18.0.5.274:/apps/modules/modulefamilies/intel/impi/2018.0.4:/apps/modules/modulefamilies/intel_impi/netcdf-hdf5parallel/4.7.0:/apps/modules/modulefiles/intelpython/3.6.8:/scratch1/NCEPDEV/jcsda/Ryan.Honeyager/jedi/modules/jedi-stack/intel-impi-18.0.5:/scratch2/NCEPDEV/marineda/Jong.Kim/save/modulefiles/anaconda/3.15.1
X509_USER_CERT=/home/Youlong.Xia/.globus/usercert.pem
GDB_CROSS=/apps/intel/parallel_studio_xe_2018.4.057/debugger_2018/gdb/intel64/bin/gdb-ia
KDE_IS_PRELINKED=1
MODULEPATH=/apps/lmod/lmod/modulefiles/Core:/apps/modules/modulefiles/Linux:/apps/modules/modulefiles:/opt/cray/modulefiles:/opt/cray/craype/default/modulefiles:/scratch1/NCEPDEV/jcsda/Ryan.Honeyager/jedi/modules:/apps/modules/modulefamilies/intel:/apps/modules/modulefamilies/intel_impi:/scratch2/NCEPDEV/marineda/Jong.Kim/save/modulefiles
LOADEDMODULES=intel/18.0.5.274:impi/2018.0.4:netcdf-hdf5parallel/4.7.0:intelpython/3.6.8:jedi-stack/intel-impi-18.0.5:anaconda/3.15.1
__LMOD_REF_COUNT_INFOPATH=/apps/intel/parallel_studio_xe_2018.4.057/documentation_2018/en/debugger/gdb-ia/info:1 /apps/intel/parallel_studio_xe_2018.4.057/documentation_2018/en/debugger/gdb-igfx/info:1
_ModuleTable_Sz_=6
TZ=America/New_York
KDEDIRS=/usr
cmake_version=3.16.4
I_MPI_F90=ifort
_ModuleTable005_=bGVzL21vZHVsZWZpbGVzIiwiL29wdC9jcmF5L21vZHVsZWZpbGVzIiwiL29wdC9jcmF5L2NyYXlwZS9kZWZhdWx0L21vZHVsZWZpbGVzIiwiL3NjcmF0Y2gxL05DRVBERVYvamNzZGEvUnlhbi5Ib25leWFnZXIvamVkaS9tb2R1bGVzIiwiL2FwcHMvbW9kdWxlcy9tb2R1bGVmYW1pbGllcy9pbnRlbCIsIi9hcHBzL21vZHVsZXMvbW9kdWxlZmFtaWxpZXMvaW50ZWxfaW1waSIsIi9zY3JhdGNoMi9OQ0VQREVWL21hcmluZWRhL0pvbmcuS2ltL3NhdmUvbW9kdWxlZmlsZXMiLH0sWyJzeXN0ZW1CYXNlTVBBVEgiXT0iL2FwcHMvbG1vZC9sbW9kL21vZHVsZWZpbGVzL0NvcmU6L2FwcHMvbW9kdWxlcy9tb2R1bGVmaWxlcy9MaW51eDovYXBwcy9tb2R1bGVzL21vZHVsZWZpbGVzOi9v
I_MPI_CC=icc
LMOD_CMD=/apps/lmod/7.7.18/libexec/lmod
ECBUILD_MODULE_PATH=/scratch1/NCEPDEV/jcsda/Ryan.Honeyager/jedi/usr/local/intel-18.0.5.274/impi-2018.0.4/netcdf-hdf5parallel-4.7.0/share/ecbuild/cmake
MPM_LAUNCHER=/apps/intel/parallel_studio_xe_2018.4.057/debugger_2018/mpm/mic/bin/start_mpm.sh
CXX=/apps/intel/parallel_studio_xe_2018.4.057/compilers_and_libraries_2018/linux/bin/intel64/icpc
LMOD_REDIRECT=yes
ECBUILD_TOOLCHAIN_DIR=/scratch1/NCEPDEV/jcsda/Ryan.Honeyager/jedi/usr/local/intel-18.0.5.274/impi-2018.0.4/netcdf-hdf5parallel-4.7.0/share/ecbuild/toolchains
INTEL_PYTHONHOME=/apps/intel/parallel_studio_xe_2018.4.057/debugger_2018/python/intel64/
I_MPI_HYDRA_PMI_CONNECT=alltoall
SHLVL=2
HOME=/home/Youlong.Xia
__LMOD_REF_COUNT_PATH=/scratch2/NCEPDEV/marineda/Jong.Kim/anaconda3/bin:1 /scratch1/NCEPDEV/jcsda/Ryan.Honeyager/jedi/usr/local/intel-18.0.5.274/impi-2018.0.4/netcdf-hdf5parallel-4.7.0/bin:1 /apps/intel/intelpython3/bin:1 /apps/netcdf/4.7.0/intel/18.0.5.274/impi/2018.0.4/bin:1 /apps/intel/compilers_and_libraries_2018/linux/mpi/intel64/bin:1 /apps/intel/parallel_studio_xe_2018.4.057/compilers_and_libraries_2018/linux/bin/intel64:1 .:3 /home/Fanglin.Yang/bin:1 /usr/lib64/qt-3.3/bin:1 /usr/local/bin:1 /usr/bin:1 /usr/local/sbin:1 /usr/sbin:1 /opt/ibutils/bin:1 /apps/local/bin:1 /apps/local/sbin:1 /apps/slurm/default/slurm/tools:1 /apps/slurm/default/bin:1 /apps/slurm/default/sbin:1 /apps/slurm/tools/sbank/bin:1 /scratch4/NCEPDEV/global/save/Fanglin.Yang/para_gfs/nwprod_wcoss/util/exec:1 /scratch3/NCEPDEV/rstprod/nwprod/lib/modulefiles:1
GLOBUS_TCP_PORT_RANGE=40000,46999
OSTYPE=linux
ADD_ECBUILD_OPTIONS=-DCMAKE_MODULE_PATH=/scratch1/NCEPDEV/jcsda/Ryan.Honeyager/jedi/usr/local/intel-18.0.5.274/impi-2018.0.4/netcdf-hdf5parallel-4.7.0/share/ecbuild/cmake -DCMAKE_INSTALL_PREFIX=/scratch2/NCEPDEV/marineda/Youlong.Xia/save/ioda-converters/build1
ANACONDA=/scratch2/NCEPDEV/marineda/Jong.Kim/anaconda3
__LMOD_REF_COUNT_CPATH=/apps/intel/parallel_studio_xe_2018.4.057/compilers_and_libraries_2018/linux/ipp/include:1 /apps/intel/parallel_studio_xe_2018.4.057/compilers_and_libraries_2018/linux/mkl/include:1 /apps/intel/parallel_studio_xe_2018.4.057/compilers_and_libraries_2018/linux/pstl/include:1 /apps/intel/parallel_studio_xe_2018.4.057/compilers_and_libraries_2018/linux/tbb/include:2 /apps/intel/parallel_studio_xe_2018.4.057/compilers_and_libraries_2018/linux/daal/include:1
X509_USER_PROXY=/home/Youlong.Xia/.globus/usercert.pem
cmakebin=cmake
_ModuleTable002_=XT0iL2FwcHMvbW9kdWxlcy9tb2R1bGVmYW1pbGllcy9pbnRlbC9pbXBpLzIwMTguMC40IixbImZ1bGxOYW1lIl09ImltcGkvMjAxOC4wLjQiLFsibG9hZE9yZGVyIl09Mixwcm9wVD17fSxbInN0YWNrRGVwdGgiXT0xLFsic3RhdHVzIl09ImFjdGl2ZSIsWyJ1c2VyTmFtZSJdPSJpbXBpLzIwMTguMC40Iix9LGludGVsPXtbImZuIl09Ii9hcHBzL21vZHVsZXMvbW9kdWxlZmlsZXMvaW50ZWwvMTguMC41LjI3NCIsWyJmdWxsTmFtZSJdPSJpbnRlbC8xOC4wLjUuMjc0IixbImxvYWRPcmRlciJdPTEscHJvcFQ9e30sWyJzdGFja0RlcHRoIl09MSxbInN0YXR1cyJdPSJhY3RpdmUiLFsidXNlck5hbWUiXT0iaW50ZWwvMTguMC41LjI3NCIsfSxpbnRlbHB5dGhvbj17WyJmbiJdPSIv
FC=/apps/intel/parallel_studio_xe_2018.4.057/compilers_and_libraries_2018/linux/bin/intel64/ifort
NETCDF=/apps/netcdf/4.7.0/intel/18.0.5.274/impi/2018.0.4
BASH_ENV=/apps/lmod/lmod/init/bash
VENDOR=unknown
LMOD_arch=x86_64
MACHTYPE=x86_64
LOGNAME=Youlong.Xia
BOOST_ROOT=/scratch1/NCEPDEV/jcsda/Ryan.Honeyager/jedi/usr/local/intel-18.0.5.274/impi-2018.0.4/netcdf-hdf5parallel-4.7.0
QTLIB=/usr/lib64/qt-3.3/lib
GLOBUS_TCP_SOURCE_RANGE=40000,46999
val=
CLASSPATH=/apps/intel/compilers_and_libraries_2018/linux/mpi/intel64/lib/mpi.jar:/apps/intel/parallel_studio_xe_2018.4.057/compilers_and_libraries_2018/linux/daal/lib/daal.jar
SSH_CONNECTION=140.208.152.34 52124 140.208.193.10 22
__LMOD_REF_COUNT_LIBRARY_PATH=/apps/intel/parallel_studio_xe_2018.4.057/compilers_and_libraries_2018/linux/compiler/lib/intel64_lin:1 /apps/intel/parallel_studio_xe_2018.4.057/compilers_and_libraries_2018/linux/mkl/lib/intel64_lin:1 /apps/intel/parallel_studio_xe_2018.4.057/compilers_and_libraries_2018/linux/tbb/lib/intel64/gcc4.7:2 /apps/intel/parallel_studio_xe_2018.4.057/compilers_and_libraries_2018/linux/daal/lib/intel64_lin:1 /apps/intel/parallel_studio_xe_2018.4.057/compilers_and_libraries_2018/linux/daal/../tbb/lib/intel64_lin/gcc4.4:1
MODULESHOME=/apps/lmod/7.7.18
PKG_CONFIG_PATH=/apps/intel/compilers_and_libraries_2018/linux/mkl/bin/pkgconfig
__LMOD_REF_COUNT_LD_LIBRARY_PATH=/apps/netcdf/4.7.0/intel/18.0.5.274/impi/2018.0.4/lib:1 /apps/intel/compilers_and_libraries_2018/linux/mpi/intel64/lib:1 /apps/slurm/default/lib:1 /apps/intel/parallel_studio_xe_2018.4.057/compilers_and_libraries_2018/linux/compiler/lib/intel64:1 /apps/intel/parallel_studio_xe_2018.4.057/compilers_and_libraries_2018/linux/ipp/lib/intel64:1 /apps/intel/parallel_studio_xe_2018.4.057/compilers_and_libraries_2018/linux/compiler/lib/intel64_lin:2 /apps/intel/parallel_studio_xe_2018.4.057/compilers_and_libraries_2018/linux/mkl/lib/intel64_lin:1 /apps/intel/parallel_studio_xe_2018.4.057/compilers_and_libraries_2018/linux/tbb/lib/intel64/gcc4.7:2 /apps/intel/parallel_studio_xe_2018.4.057/debugger_2018/libipt/intel64/lib:1 /apps/intel/parallel_studio_xe_2018.4.057/compilers_and_libraries_2018/linux/daal/lib/intel64_lin:1 /apps/intel/parallel_studio_xe_2018.4.057/compilers_and_libraries_2018/linux/daal/../tbb/lib/intel64_lin/gcc4.4:1
LMOD_SETTARG_FULL_SUPPORT=no
LESSOPEN=||/usr/bin/lesspipe.sh %s
cmake_found=yes
CMAKE_BUILD_VERSION=3.14.4
LMOD_FAMILY_COMPILER=intel
INFOPATH=/apps/intel/parallel_studio_xe_2018.4.057/documentation_2018/en/debugger/gdb-ia/info:/apps/intel/parallel_studio_xe_2018.4.057/documentation_2018/en/debugger/gdb-igfx/info
LMOD_FULL_SETTARG_SUPPORT=no
__LMOD_REF_COUNT_PKG_CONFIG_PATH=/apps/intel/compilers_and_libraries_2018/linux/mkl/bin/pkgconfig:1
__LMOD_REF_COUNT_INTEL_LICENSE_FILE=/apps/intel/parallel_studio_xe_2018.4.057/compilers_and_libraries_2018/linux/licenses:1 /apps/intel/licenses:1
CC=/apps/intel/parallel_studio_xe_2018.4.057/compilers_and_libraries_2018/linux/bin/intel64/icc
XDG_RUNTIME_DIR=/run/user/785
DISPLAY=localhost:11.0
QT_PLUGIN_PATH=/usr/lib64/kde4/plugins:/usr/lib/kde4/plugins
_ModuleTable006_=cHQvY3JheS9tb2R1bGVmaWxlczovb3B0L2NyYXkvY3JheXBlL2RlZmF1bHQvbW9kdWxlZmlsZXMiLH0=
__LMOD_REF_COUNT_MANPATH=/scratch2/NCEPDEV/marineda/Jong.Kim/anaconda3/share/man:1 /scratch2/NCEPDEV/marineda/Jong.Kim/anaconda3/man:1 /apps/netcdf/4.7.0/intel/18.0.5.274/impi/2018.0.4/share/man:1 /apps/intel/compilers_and_libraries_2018/linux/mpi/man:1 /apps/intel/parallel_studio_xe_2018.4.057/man/common:1 /apps/intel/parallel_studio_xe_2018.4.057/documentation_2018/en/debugger/gdb-ia/man:1 /apps/intel/parallel_studio_xe_2018.4.057/documentation_2018/en/debugger/gdb-igfx/man:1 /apps/lmod/lmod/share/man:1 /apps/local/man:1 /apps/slurm/default/share/man:1 /apps/slurm/tools/sbank/share/man:1
LMOD_DIR=/apps/lmod/7.7.18/libexec
I_MPI_TMI_PROVIDER=psm
LMOD_FAMILY_MPI=impi
LMOD_COLORIZE=yes
I_MPI_ROOT=/apps/intel/compilers_and_libraries_2018/linux/mpi
BASH_FUNC_toolchains()=() {  if [ -d $ECBUILD_TOOLCHAIN_DIR ]  then
 cd $ECBUILD_TOOLCHAIN_DIR 
 echo "Available toolchains:" 
 ls | while read fname  do
 echo "  - ${fname%%.*}" 
 done 
 exit 0 
 else
 echo "No toolchains available." 
 exit 1 
 fi
}
BASH_FUNC_version()=() {  ecbuild_version=$(cat ${ECBUILD_MODULE_PATH}/VERSION) 
 echo "ecbuild version ${ecbuild_version}" 
 command -v cmake > /dev/null 2>&1 || { 
 exit 0
 } 
 cmake --version | head -1 
 exit 0
}
BASH_FUNC_toolchain()=() {  arg=${1/#\~\//$HOME/} 
 if [ -f $arg ]  then
 toolchain_file=$arg 
 else
 if [ -f $ECBUILD_TOOLCHAIN_DIR/$arg.cmake ]  then
 toolchain_file=$ECBUILD_TOOLCHAIN_DIR/$arg.cmake 
 fi 
 fi 
 if [ -z ${toolchain_file+x} ]  then
 echo "Error:" 
 echo "   Toolchain [$arg] is not valid: [$arg.cmake] cannot be" 
 echo "   found in [$ECBUILD_TOOLCHAIN_DIR]" 
 exit 1 
 else
 ADD_ECBUILD_OPTIONS="$ADD_ECBUILD_OPTIONS -DCMAKE_TOOLCHAIN_FILE=${toolchain_file}" 
 fi
}
BASH_FUNC_log()=() {  log_level=$(tr "[a-z]" "[A-Z]" <<< "$1") 
 ADD_ECBUILD_OPTIONS="$ADD_ECBUILD_OPTIONS -DECBUILD_LOG_LEVEL=${log_level}"
}
BASH_FUNC_module()=() {  eval $($LMOD_CMD bash "$@") && eval $(${LMOD_SETTARG_CMD:-:} -s sh)
}
BASH_FUNC_config()=() {  arg=${1/#\~\//$HOME/} 
 if [ -f $arg ]  then
 config_file=$arg 
 config_file="$( cd $( dirname "${config_file}" ) && pwd -P )/$( basename ${config_file} )" 
 else
 echo "Error:" 
 echo "   Config file [$arg] is not found or is not a file." 
 exit 1 
 fi 
 ADD_ECBUILD_OPTIONS="$ADD_ECBUILD_OPTIONS -DECBUILD_CONFIG=${config_file}"
}
BASH_FUNC_cache()=() {  arg=$1 
 if [ -f $arg ]  then
 cache_file=$arg 
 cache_file="$( cd $( dirname "${cache_file}" ) && pwd -P )/$( basename ${cache_file} )" 
 else
 echo "Error:" 
 echo "   Cache file [$arg] is not found or is not a file." 
 exit 1 
 fi 
 ADD_ECBUILD_OPTIONS="$ADD_ECBUILD_OPTIONS -DECBUILD_CACHE=${cache_file}"
}
BASH_FUNC_help()=() {  cat  <<EOF
USAGE:

  ecbuild [--help] [--version] [--toolchains]
  ecbuild [option...] [--] [cmake-argument...] <path-to-source>
  ecbuild [option...] [--] [cmake-argument...] <path-to-existing-build>

DESCRIPTION:

  ecbuild is a build system based on CMake, but providing a lot of macro's
  to make it easier to work with. Upon execution,
  the equivalent cmake command is printed.

  ecbuild/cmake must be called from an out-of-source build directory and
  forbids in-source builds.

SYNOPSIS:

    --help         Display this help
    --version      Display ecbuild version
    --toolchains   Display list of pre-installed toolchains (see below)


Available values for "option":

    --cmakebin=<path>
          Set which cmake binary to use. Default is 'cmake'

    --prefix=<prefix>
          Set the install path to <prefix>.
          Equivalent to cmake argument "-DCMAKE_INSTALL_PREFIX=<prefix>"

    --build=<build-type>
          Set the build-type to <build-type>.
          Equivalent to cmake argument "-DCMAKE_BUILD_TYPE=<build-type>"
          <build-type> can be any of:
             - debug : Lowest optimization level, useful for debugging
             - release : Highest optimization level, for best performance
             - bit : Highest optimization level while staying bit-reproducible
             - ...others depending on project

    --log=<log-level>
          Set the ecbuild log-level
          Equivalent to "-DECBUILD_LOG_LEVEL=<log-level>"
          <log-level> can be any of:
             - DEBUG
             - INFO
             - WARN
             - ERROR
             - CRITICAL
             - OFF
          Every choice outputs also the log-levels listed below itself

    --static
          Build static libraries.
          Equivalent to "-DBUILD_SHARED_LIBS=OFF"

    --dynamic, --shared
          Build dynamic libraries (usually the default).
          Equivalent to "-DBUILD_SHARED_LIBS=ON"

    --config=<config>
          Configuration file using CMake syntax that gets included
          Equivalent to cmake argument "-DECBUILD_CONFIG=<config-file>"

    --toolchain=<toolchain>
          Use a platform specific toolchain, containing settings such
          as compilation flags, locations of commonly used dependencies.
          <toolchain> can be the path to a custom toolchain file, or a
          pre-installed toolchain provided with ecbuild. For a list of
          pre-installed toolchains, run "ecbuild --toolchains".
          Equivalent to cmake argument "-DCMAKE_TOOLCHAIN_FILE=<toolchain-file>"

    --cache=<ecbuild-cache-file>    (advanced)
          A file called "ecbuild-cache.cmake" is generated during configuration.
          This file can be moved to a safe location, and specified for future
          builds to speed up checking of compiler/platform capabilities. Note
          that this is only accelerating fresh builds, as cmake internally
          caches also. Therefore this option is *not* recommended.

    --build-cmake[=<prefix>]
          Automatically download and build CMake version $CMAKE_BUILD_VERSION.
          Requires an internet connection and may take a while. If no prefix
          is given, install into $PWD.

    --dryrun
          Don't actually execute the cmake call, just print what would have
          been executed.


Available values for "cmake-argument":

    Any value that can be usually passed to cmake to (re)configure the build.
    Typically these values start with "-D".
        example:  -DENABLE_TESTS=ON  -DENABLE_MPI=OFF  -DECKIT_PATH=...

    They can be explicitly separated from [option...] with a "--", for the case
    there is a conflicting option with the "cmake" executable, and the latter's
    option is requested.

------------------------------------------------------------------------

NOTE: When reconfiguring a build, it is only necessary to change the relevant
options, as everything stays cached. For example:
  > ecbuild --prefix=PREFIX .
  > ecbuild -DENABLE_TESTS=ON .

------------------------------------------------------------------------

Compiling:

  To compile the project with <N> threads:
    > make -j<N>

  To get verbose compilation/linking output:
    > make VERBOSE=1

Testing:

  To run the project's tests
    > ctest

  Also check the ctest manual/help for more options on running tests

Installing:

  To install the project in location PREFIX with
       "--prefix=PREFIX" or
       "-DCMAKE_INSTALL_PREFIX=PREFIX"
    > make install

------------------------------------------------------------------------
ECMWF"

EOF

 exit $1
}
BASH_FUNC_prefix()=() {  ADD_ECBUILD_OPTIONS="$ADD_ECBUILD_OPTIONS -DCMAKE_INSTALL_PREFIX=${1/#\~\//$HOME/}"
}
BASH_FUNC_ml()=() {  eval $($LMOD_DIR/ml_cmd "$@")
}
BASH_FUNC_usage()=() {  echo "Usage: ecbuild [--help] [--version]" 
 exit $1
}
BASH_FUNC_version_gte()=() {  [ "$2" = "$(echo -e "$1\n$2" | sort -t '.' -k 1,1 -k 2,2 -k 3,3 -k 4,4 -g | head -n1)" ]
}
_=/scratch1/NCEPDEV/jcsda/Ryan.Honeyager/jedi/usr/local/intel-18.0.5.274/impi-2018.0.4/netcdf-hdf5parallel-4.7.0/bin/cmake
LC_ALL=
LC_MESSAGES=
LANG=

2020-04-09T09:59:09 - iodaconv - DEBUG - ---------------------------------------------------------
2020-04-09T09:59:09 - iodaconv - INFO - ecbuild   3.1.0	/scratch1/NCEPDEV/jcsda/Ryan.Honeyager/jedi/usr/local/intel-18.0.5.274/impi-2018.0.4/netcdf-hdf5parallel-4.7.0/share/ecbuild/cmake
2020-04-09T09:59:09 - iodaconv - INFO - cmake     3.16.4	/scratch1/NCEPDEV/jcsda/Ryan.Honeyager/jedi/usr/local/intel-18.0.5.274/impi-2018.0.4/netcdf-hdf5parallel-4.7.0/bin/cmake
2020-04-09T09:59:09 - iodaconv - INFO - ---------------------------------------------------------
2020-04-09T09:59:09 - iodaconv - DEBUG - ecbuild_compiler_flags(C): try include /scratch1/NCEPDEV/jcsda/Ryan.Honeyager/jedi/usr/local/intel-18.0.5.274/impi-2018.0.4/netcdf-hdf5parallel-4.7.0/share/ecbuild/cmake/compiler_flags/Intel_C.cmake 
2020-04-09T09:59:09 - iodaconv - DEBUG - CMAKE_C_FLAGS : 
2020-04-09T09:59:09 - iodaconv - DEBUG - CMAKE_C_FLAGS_NONE : 
2020-04-09T09:59:09 - iodaconv - DEBUG - CMAKE_C_FLAGS_DEBUG : -O0 -g -traceback
2020-04-09T09:59:09 - iodaconv - DEBUG - CMAKE_C_FLAGS_BIT : -O2 -DNDEBUG
2020-04-09T09:59:09 - iodaconv - DEBUG - CMAKE_C_FLAGS_PRODUCTION : -O3 -g
2020-04-09T09:59:09 - iodaconv - DEBUG - CMAKE_C_FLAGS_RELEASE : -O3 -DNDEBUG
2020-04-09T09:59:09 - iodaconv - DEBUG - CMAKE_C_FLAGS_RELWITHDEBINFO : -O2 -g -DNDEBUG
2020-04-09T09:59:09 - iodaconv - DEBUG - ecbuild_compiler_flags(CXX): try include /scratch1/NCEPDEV/jcsda/Ryan.Honeyager/jedi/usr/local/intel-18.0.5.274/impi-2018.0.4/netcdf-hdf5parallel-4.7.0/share/ecbuild/cmake/compiler_flags/Intel_CXX.cmake 
2020-04-09T09:59:09 - iodaconv - DEBUG - CMAKE_CXX_FLAGS : 
2020-04-09T09:59:09 - iodaconv - DEBUG - CMAKE_CXX_FLAGS_NONE : 
2020-04-09T09:59:09 - iodaconv - DEBUG - CMAKE_CXX_FLAGS_DEBUG : -O0 -g -traceback
2020-04-09T09:59:09 - iodaconv - DEBUG - CMAKE_CXX_FLAGS_BIT : -O2 -DNDEBUG
2020-04-09T09:59:09 - iodaconv - DEBUG - CMAKE_CXX_FLAGS_PRODUCTION : -O3 -g
2020-04-09T09:59:09 - iodaconv - DEBUG - CMAKE_CXX_FLAGS_RELEASE : -O3 -DNDEBUG
2020-04-09T09:59:09 - iodaconv - DEBUG - CMAKE_CXX_FLAGS_RELWITHDEBINFO : -O2 -g -DNDEBUG
2020-04-09T09:59:09 - iodaconv - DEBUG - ecbuild_compiler_flags(Fortran): try include /scratch1/NCEPDEV/jcsda/Ryan.Honeyager/jedi/usr/local/intel-18.0.5.274/impi-2018.0.4/netcdf-hdf5parallel-4.7.0/share/ecbuild/cmake/compiler_flags/Intel_Fortran.cmake 
2020-04-09T09:59:09 - iodaconv - DEBUG - CMAKE_Fortran_FLAGS : 
2020-04-09T09:59:09 - iodaconv - DEBUG - CMAKE_Fortran_FLAGS_NONE : 
2020-04-09T09:59:09 - iodaconv - DEBUG - CMAKE_Fortran_FLAGS_DEBUG : -O0 -g -traceback -heap-arrays 32 -check all
2020-04-09T09:59:09 - iodaconv - DEBUG - CMAKE_Fortran_FLAGS_BIT : -O2 -DNDEBUG -unroll -inline -heap-arrays 32
2020-04-09T09:59:09 - iodaconv - DEBUG - CMAKE_Fortran_FLAGS_PRODUCTION : -O3 -g -heap-arrays 32
2020-04-09T09:59:09 - iodaconv - DEBUG - CMAKE_Fortran_FLAGS_RELEASE : -O3 -DNDEBUG -unroll -inline -heap-arrays 32
2020-04-09T09:59:09 - iodaconv - DEBUG - CMAKE_Fortran_FLAGS_RELWITHDEBINFO : -O2 -g -DNDEBUG -heap-arrays 32
2020-04-09T09:59:12 - iodaconv - DEBUG - ecbuild_add_option(TESTS): defaults to ON
2020-04-09T09:59:12 - iodaconv - DEBUG - ecbuild_evaluate_dynamic_condition(_TESTS_condition): checking condition '' -> TRUE
2020-04-09T09:59:12 - iodaconv - DEBUG - ecbuild_add_option(TESTS): ENABLE_TESTS not found in cache
2020-04-09T09:59:12 - iodaconv - DEBUG - ecbuild_add_option(TESTS): defining option ENABLE_TESTS 'Enable the unit tests' ON
2020-04-09T09:59:12 - iodaconv - DEBUG - ecbuild_add_option(TESTS): ENABLE_TESTS=ON
2020-04-09T09:59:12 - iodaconv - DEBUG - ecbuild_add_option(TESTS): feature enabled
2020-04-09T09:59:12 - iodaconv - INFO - Feature TESTS enabled
2020-04-09T09:59:12 - iodaconv - DEBUG - MEMORYCHECK_COMMAND : /usr/bin/valgrind
2020-04-09T09:59:12 - iodaconv - DEBUG - MEMORYCHECK_COMMAND_OPTIONS : --trace-children=yes --leak-check=full --error-exitcode=1
2020-04-09T09:59:12 - iodaconv - DEBUG - MEMORYCHECK_SUPPRESSIONS_FILE : 
2020-04-09T09:59:12 - iodaconv - INFO - ---------------------------------------------------------
2020-04-09T09:59:12 - iodaconv - INFO - ---------------------------------------------------------
2020-04-09T09:59:12 - iodaconv - INFO - [32m[iodaconv] (0.0.0) [e0e2265][m
2020-04-09T09:59:12 - iodaconv - DEBUG - ecbuild_find_python: Searching for Python interpreter (required) ...
2020-04-09T09:59:12 - iodaconv - DEBUG - ecbuild_find_python: Found Python interpreter version '3.7.5' at '/scratch2/NCEPDEV/marineda/Jong.Kim/anaconda3/bin/python'
2020-04-09T09:59:12 - iodaconv - DEBUG - ecbuild_find_python: PYTHON_SITE_PACKAGES=/scratch2/NCEPDEV/marineda/Jong.Kim/anaconda3/lib/python3.7/site-packages
2020-04-09T09:59:12 - iodaconv - DEBUG - ecbuild_find_python: Searching for Python libraries ...
2020-04-09T09:59:12 - iodaconv - DEBUG - ecbuild_find_python: found python-config at '/scratch2/NCEPDEV/marineda/Jong.Kim/anaconda3/bin/python3.7-config'
2020-04-09T09:59:12 - iodaconv - DEBUG - ecbuild_find_python: Searching for Python include directories and libraries using '/scratch2/NCEPDEV/marineda/Jong.Kim/anaconda3/bin/python3.7-config'
2020-04-09T09:59:12 - iodaconv - DEBUG - ecbuild_find_python: PYTHON_PREFIX=/scratch2/NCEPDEV/marineda/Jong.Kim/anaconda3
2020-04-09T09:59:12 - iodaconv - DEBUG - ecbuild_find_python: PYTHON_LIBRARY=-L/scratch2/NCEPDEV/marineda/Jong.Kim/anaconda3/lib/python3.7/config-3.7m-x86_64-linux-gnu -L/scratch2/NCEPDEV/marineda/Jong.Kim/anaconda3/lib -lpython3.7m -lcrypt -lpthread -ldl  -lutil -lrt -lm
2020-04-09T09:59:12 - iodaconv - DEBUG - ecbuild_find_python: Python libraries not in CMAKE_SYSTEM_PREFIX_PATH, prepending PYTHON_PREFIX '/scratch2/NCEPDEV/marineda/Jong.Kim/anaconda3' to PYTHON_LIBRARY
2020-04-09T09:59:12 - iodaconv - DEBUG - ecbuild_find_python: PYTHON_INCLUDE_DIR=/scratch2/NCEPDEV/marineda/Jong.Kim/anaconda3/include/python3.7m /scratch2/NCEPDEV/marineda/Jong.Kim/anaconda3/include/python3.7m
2020-04-09T09:59:12 - iodaconv - DEBUG - ecbuild_find_python: PYTHON_INCLUDE_DIRS=/scratch2/NCEPDEV/marineda/Jong.Kim/anaconda3/include/python3.7m
2020-04-09T09:59:12 - iodaconv - DEBUG - ecbuild_find_python: PYTHON_LIBRARIES=-L/scratch2/NCEPDEV/marineda/Jong.Kim/anaconda3/lib -Wl,-rpath,/scratch2/NCEPDEV/marineda/Jong.Kim/anaconda3/lib -L/scratch2/NCEPDEV/marineda/Jong.Kim/anaconda3/lib/python3.7/config-3.7m-x86_64-linux-gnu -L/scratch2/NCEPDEV/marineda/Jong.Kim/anaconda3/lib -lpython3.7m -lcrypt -lpthread -ldl  -lutil -lrt -lm
2020-04-09T09:59:12 - iodaconv - DEBUG - ecbuild_find_python: trying to link executable with Python libraries ...
2020-04-09T09:59:13 - iodaconv - DEBUG - ecbuild_find_python: trying to link executable with Python libraries successful
2020-04-09T09:59:13 - iodaconv - DEBUG - PYTHONINTERP_FOUND : TRUE
2020-04-09T09:59:13 - iodaconv - DEBUG - PYTHON_FOUND : TRUE
2020-04-09T09:59:13 - iodaconv - DEBUG - PYTHON_EXECUTABLE : /scratch2/NCEPDEV/marineda/Jong.Kim/anaconda3/bin/python
2020-04-09T09:59:13 - iodaconv - DEBUG - PYTHON_CONFIG_EXECUTABLE : /scratch2/NCEPDEV/marineda/Jong.Kim/anaconda3/bin/python3.7-config
2020-04-09T09:59:13 - iodaconv - DEBUG - PYTHON_VERSION_MAJOR : 3
2020-04-09T09:59:13 - iodaconv - DEBUG - PYTHON_VERSION_MINOR : 7
2020-04-09T09:59:13 - iodaconv - DEBUG - PYTHON_VERSION_PATCH : 5
2020-04-09T09:59:13 - iodaconv - DEBUG - PYTHON_VERSION_STRING : 3.7.5
2020-04-09T09:59:13 - iodaconv - DEBUG - PYTHON_INCLUDE_DIRS : /scratch2/NCEPDEV/marineda/Jong.Kim/anaconda3/include/python3.7m
2020-04-09T09:59:13 - iodaconv - DEBUG - PYTHON_LIBRARIES : -L/scratch2/NCEPDEV/marineda/Jong.Kim/anaconda3/lib -Wl,-rpath,/scratch2/NCEPDEV/marineda/Jong.Kim/anaconda3/lib -L/scratch2/NCEPDEV/marineda/Jong.Kim/anaconda3/lib/python3.7/config-3.7m-x86_64-linux-gnu -L/scratch2/NCEPDEV/marineda/Jong.Kim/anaconda3/lib -lpython3.7m -lcrypt -lpthread -ldl  -lutil -lrt -lm
2020-04-09T09:59:13 - iodaconv - DEBUG - PYTHON_SITE_PACKAGES : /scratch2/NCEPDEV/marineda/Jong.Kim/anaconda3/lib/python3.7/site-packages
2020-04-09T09:59:13 - iodaconv - DEBUG - ecbuild_add_option(ODB_API): defaults to OFF
2020-04-09T09:59:13 - iodaconv - DEBUG - ecbuild_evaluate_dynamic_condition(_ODB_API_condition): checking condition '' -> TRUE
2020-04-09T09:59:13 - iodaconv - DEBUG - ecbuild_add_option(ODB_API): ENABLE_ODB_API not found in cache
2020-04-09T09:59:13 - iodaconv - DEBUG - ecbuild_add_option(ODB_API): defining option ENABLE_ODB_API 'Support for ODB API' OFF
2020-04-09T09:59:13 - iodaconv - DEBUG - ecbuild_add_option(ODB_API): ENABLE_ODB_API=OFF
2020-04-09T09:59:13 - iodaconv - DEBUG - ecbuild_add_option(ODB_API): feature disabled
2020-04-09T09:59:13 - iodaconv - DEBUG - ecbuild_evaluate_dynamic_condition(_iodaconv_lib-python_coding_norms_condition): checking condition '' -> TRUE
2020-04-09T09:59:13 - iodaconv - DEBUG - ecbuild_add_test(iodaconv_lib-python_coding_norms): assign labels iodaconv script
2020-04-09T09:59:13 - iodaconv - DEBUG - ecbuild_evaluate_dynamic_condition(_iodaconv_gsi-ncdiag_coding_norms_condition): checking condition '' -> TRUE
2020-04-09T09:59:13 - iodaconv - DEBUG - ecbuild_add_test(iodaconv_gsi-ncdiag_coding_norms): assign labels iodaconv script
2020-04-09T09:59:13 - iodaconv - DEBUG - ecbuild_evaluate_dynamic_condition(_iodaconv_marine_coding_norms_condition): checking condition '' -> TRUE
2020-04-09T09:59:13 - iodaconv - DEBUG - ecbuild_add_test(iodaconv_marine_coding_norms): assign labels iodaconv script
2020-04-09T09:59:13 - iodaconv - DEBUG - ecbuild_evaluate_dynamic_condition(_iodaconv_ncep_coding_norms_condition): checking condition '' -> TRUE
2020-04-09T09:59:13 - iodaconv - DEBUG - ecbuild_add_test(iodaconv_ncep_coding_norms): assign labels iodaconv script
2020-04-09T09:59:13 - iodaconv - DEBUG - ecbuild_evaluate_dynamic_condition(_iodaconv_wrfda-ncdiag_coding_norms_condition): checking condition '' -> TRUE
2020-04-09T09:59:13 - iodaconv - DEBUG - ecbuild_add_test(iodaconv_wrfda-ncdiag_coding_norms): assign labels iodaconv script
2020-04-09T09:59:13 - iodaconv - DEBUG - ecbuild_evaluate_dynamic_condition(_test_iodaconv_gds2_sst_l2p_condition): checking condition '' -> TRUE
2020-04-09T09:59:13 - iodaconv - DEBUG - ecbuild_add_test(test_iodaconv_gds2_sst_l2p): assign labels iodaconv script
2020-04-09T09:59:13 - iodaconv - DEBUG - ecbuild_evaluate_dynamic_condition(_test_iodaconv_gds2_sst_l3u_condition): checking condition '' -> TRUE
2020-04-09T09:59:13 - iodaconv - DEBUG - ecbuild_add_test(test_iodaconv_gds2_sst_l3u): assign labels iodaconv script
2020-04-09T09:59:13 - iodaconv - DEBUG - ecbuild_evaluate_dynamic_condition(_test_iodaconv_smap_sss_condition): checking condition '' -> TRUE
2020-04-09T09:59:13 - iodaconv - DEBUG - ecbuild_add_test(test_iodaconv_smap_sss): assign labels iodaconv script
2020-04-09T09:59:13 - iodaconv - DEBUG - ecbuild_evaluate_dynamic_condition(_test_iodaconv_rads_adt_condition): checking condition '' -> TRUE
2020-04-09T09:59:13 - iodaconv - DEBUG - ecbuild_add_test(test_iodaconv_rads_adt): assign labels iodaconv script
2020-04-09T09:59:13 - iodaconv - DEBUG - ecbuild_evaluate_dynamic_condition(_test_iodaconv_godae_prof_condition): checking condition '' -> TRUE
2020-04-09T09:59:13 - iodaconv - DEBUG - ecbuild_add_test(test_iodaconv_godae_prof): assign labels iodaconv script
2020-04-09T09:59:13 - iodaconv - DEBUG - ecbuild_evaluate_dynamic_condition(_test_iodaconv_godae_ship_condition): checking condition '' -> TRUE
2020-04-09T09:59:13 - iodaconv - DEBUG - ecbuild_add_test(test_iodaconv_godae_ship): assign labels iodaconv script
2020-04-09T09:59:13 - iodaconv - DEBUG - ecbuild_evaluate_dynamic_condition(_test_iodaconv_godae_trak_condition): checking condition '' -> TRUE
2020-04-09T09:59:13 - iodaconv - DEBUG - ecbuild_add_test(test_iodaconv_godae_trak): assign labels iodaconv script
2020-04-09T09:59:13 - iodaconv - DEBUG - ecbuild_evaluate_dynamic_condition(_test_iodaconv_hgodas_insitu_condition): checking condition '' -> TRUE
2020-04-09T09:59:13 - iodaconv - DEBUG - ecbuild_add_test(test_iodaconv_hgodas_insitu): assign labels iodaconv script
2020-04-09T09:59:13 - iodaconv - DEBUG - ecbuild_evaluate_dynamic_condition(_test_iodaconv_hgodas_sst_condition): checking condition '' -> TRUE
2020-04-09T09:59:13 - iodaconv - DEBUG - ecbuild_add_test(test_iodaconv_hgodas_sst): assign labels iodaconv script
2020-04-09T09:59:13 - iodaconv - DEBUG - ecbuild_evaluate_dynamic_condition(_test_iodaconv_argoclim_condition): checking condition '' -> TRUE
2020-04-09T09:59:13 - iodaconv - DEBUG - ecbuild_add_test(test_iodaconv_argoclim): assign labels iodaconv script
2020-04-09T09:59:13 - iodaconv - DEBUG - ecbuild_evaluate_dynamic_condition(_test_iodaconv_cryosat2_condition): checking condition '' -> TRUE
2020-04-09T09:59:13 - iodaconv - DEBUG - ecbuild_add_test(test_iodaconv_cryosat2): assign labels iodaconv script
2020-04-09T09:59:13 - iodaconv - DEBUG - ecbuild_evaluate_dynamic_condition(_test_iodaconv_cryosat2_DBL_condition): checking condition '' -> TRUE
2020-04-09T09:59:13 - iodaconv - DEBUG - ecbuild_add_test(test_iodaconv_cryosat2_DBL): assign labels iodaconv script
2020-04-09T09:59:13 - iodaconv - DEBUG - ecbuild_evaluate_dynamic_condition(_test_iodaconv_gsidiag_conv_condition): checking condition '' -> TRUE
2020-04-09T09:59:13 - iodaconv - DEBUG - ecbuild_add_test(test_iodaconv_gsidiag_conv): assign labels iodaconv script
2020-04-09T09:59:13 - iodaconv - DEBUG - ecbuild_evaluate_dynamic_condition(_test_iodaconv_gsidiag_rad_condition): checking condition '' -> TRUE
2020-04-09T09:59:13 - iodaconv - DEBUG - ecbuild_add_test(test_iodaconv_gsidiag_rad): assign labels iodaconv script
2020-04-09T09:59:13 - iodaconv - DEBUG - ecbuild_evaluate_dynamic_condition(_test_iodaconv_wrfdadiag_rad_condition): checking condition '' -> TRUE
2020-04-09T09:59:13 - iodaconv - DEBUG - ecbuild_add_test(test_iodaconv_wrfdadiag_rad): assign labels iodaconv script
2020-04-09T09:59:13 - iodaconv - DEBUG - No iodaconv-import.cmake found in /scratch2/NCEPDEV/marineda/Youlong.Xia/save/ioda-converters
2020-04-09T09:59:13 - iodaconv - INFO - ---------------------------------------------------------
2020-04-09T09:59:13 - iodaconv - INFO - Build summary
2020-04-09T09:59:13 - iodaconv - INFO - ---------------------------------------------------------
2020-04-09T09:59:13 - iodaconv - INFO - system : [hfe10] [Linux-3.10.0-1062.9.1.el7.x86_64] [linux.64]
2020-04-09T09:59:13 - iodaconv - INFO - processor        : [x86_64]
2020-04-09T09:59:13 - iodaconv - INFO - endiness         : Little Endian -- IEEE []
2020-04-09T09:59:13 - iodaconv - INFO - build type       : [Release]
2020-04-09T09:59:13 - iodaconv - INFO - timestamp        : [20200409095912]
2020-04-09T09:59:13 - iodaconv - INFO - install prefix   : [/scratch2/NCEPDEV/marineda/Youlong.Xia/save/ioda-converters/build1]
2020-04-09T09:59:13 - iodaconv - INFO -   bin dir        : [/scratch2/NCEPDEV/marineda/Youlong.Xia/save/ioda-converters/build1/bin]
2020-04-09T09:59:13 - iodaconv - INFO -   lib dir        : [/scratch2/NCEPDEV/marineda/Youlong.Xia/save/ioda-converters/build1/lib]
2020-04-09T09:59:13 - iodaconv - INFO -   include dir    : [/scratch2/NCEPDEV/marineda/Youlong.Xia/save/ioda-converters/build1/include]
2020-04-09T09:59:13 - iodaconv - INFO -   data dir       : [/scratch2/NCEPDEV/marineda/Youlong.Xia/save/ioda-converters/build1/share/iodaconv]
2020-04-09T09:59:13 - iodaconv - INFO -   cmake dir      : [/scratch2/NCEPDEV/marineda/Youlong.Xia/save/ioda-converters/build1/lib/cmake/iodaconv]
2020-04-09T09:59:13 - iodaconv - INFO - ---------------------------------------------------------
2020-04-09T09:59:13 - iodaconv - INFO - C -- Intel 18.0.5.20180823
2020-04-09T09:59:13 - iodaconv - INFO -     compiler   : /apps/intel/parallel_studio_xe_2018.4.057/compilers_and_libraries_2018/linux/bin/intel64/icc
2020-04-09T09:59:13 - iodaconv - INFO -     flags      :  -O3 -DNDEBUG  
2020-04-09T09:59:13 - iodaconv - INFO -     link flags : 
2020-04-09T09:59:13 - iodaconv - INFO - CXX -- Intel 18.0.5.20180823
2020-04-09T09:59:13 - iodaconv - INFO -     compiler   : /apps/intel/parallel_studio_xe_2018.4.057/compilers_and_libraries_2018/linux/bin/intel64/icpc
2020-04-09T09:59:13 - iodaconv - INFO -     flags      :  -O3 -DNDEBUG  
2020-04-09T09:59:13 - iodaconv - INFO -     link flags : 
2020-04-09T09:59:13 - iodaconv - INFO - Fortran -- Intel 18.0.5.20180823
2020-04-09T09:59:13 - iodaconv - INFO -     compiler   : /apps/intel/parallel_studio_xe_2018.4.057/compilers_and_libraries_2018/linux/bin/intel64/ifort
2020-04-09T09:59:13 - iodaconv - INFO -     flags      :  -qopenmp-stubs -D_REAL8_ -O3 -ip -unroll -inline -no-heap-arrays  
2020-04-09T09:59:13 - iodaconv - INFO -     link flags : 
2020-04-09T09:59:13 - iodaconv - INFO - linker : /usr/bin/ld
2020-04-09T09:59:13 - iodaconv - INFO - ar     : /usr/bin/ar
2020-04-09T09:59:13 - iodaconv - INFO - ranlib : /usr/bin/ranlib
2020-04-09T09:59:13 - iodaconv - INFO - link flags
2020-04-09T09:59:13 - iodaconv - INFO -     executable [    -Wl,--disable-new-dtags ]
2020-04-09T09:59:13 - iodaconv - INFO -     shared lib [ -Wl,--disable-new-dtags ]
2020-04-09T09:59:13 - iodaconv - INFO -     static lib [ -Wl,--disable-new-dtags ]
2020-04-09T09:59:13 - iodaconv - INFO - install rpath  : $ORIGIN/../lib
2020-04-09T09:59:13 - iodaconv - INFO - common definitions: NDEBUG
2020-04-09T09:59:13 - iodaconv - INFO - ---------------------------------------------------------
2020-04-09T09:59:13 - iodaconv - INFO - Feature summary
2020-04-09T09:59:13 - iodaconv - INFO - ---------------------------------------------------------
The following features have been enabled:

 * TESTS, iodaconv: Enable the unit tests

-- The following OPTIONAL packages have been found:

 * Git
 * NetCDF

-- The following REQUIRED packages have been found:

 * PythonInterp, Python interpreter, <http://python.org>

-- The following features have been disabled:

 * ODB_API, iodaconv: Support for ODB API

-- The following OPTIONAL packages have not been found:

 * bufrlib
 * odc
 * odyssey
